-- System Version : WINDOWS
---------------------------------------------------


[MAKE]  init

[AR]   libinit_debug.a
 


[MAKE]  libs


[MAKE]  libs/utils

[AR]   libutils_debug.a
 


[MAKE]  libs/gps


[MAKE]  libs/gps/minmea

[AR]   libminmea_debug.a
 

[AR]   libgps_debug.a
        |
         -- libminmea_debug.a
 


[MAKE]  libs/cjson

[AR]   libcjson_debug.a
 


[MAKE]  libs/tiny-json

[AR]   libtiny-json_debug.a
 

[AR]   liblibs_debug.a
        |
         -- libutils_debug.a
        |
         -- libgps_debug.a
        |
         -- libcjson_debug.a
        |
         -- libtiny-json_debug.a
 


[MAKE]  app

[CC]   Main.o                      <== Main.c
[AR]   libapp_debug.a
 


-----------------------------------------------
[LDGEN]             >>> cust.ld
[LD] 1:C:/CSDTK42/SDK/build/app//app.elf 2:--oformat=elf32-littlemips 5:-just-symbols C:/CSDTK42/SDK/platform/chip/rom/8955/lib/mem_bridge_rom_CHIP.elf 6: C:/CSDTK42/SDK/build/app/cust.ld 7:--gc-sections  -LC:/CSDTK42/SDK/build/app/init/lib   -LC:/CSDTK42/SDK/build/app/libs/lib   -LC:/CSDTK42/SDK/build/app/app/lib      --start-group   -linit_debug  -llibs_debug  -lapp_debug --end-group -LC:/CSDTK42/SDK/platform/lib/gcc/mips-elf/4.4.2 -lgcc  --warn-common  --error-unresolved-symbols  8:C:/CSDTK42/SDK/build/app//app.map  end1             app.elf
[ElfCombine]        Elf binary & map file

[GEN]               strip platform symbol
                    |
                     --C:/CSDTK42/SDK/platform/compilation/platform_symbols_to_strip

[SREC]              app.srec for flash/romulator
[LOD]               C:/CSDTK42/SDK/hex/app/app_flash.lod
[LODCOMBINE]        Combine with Platform lod
[LODCOMBINE]        Combine sucessful

